app/build/outputs/logs/manifest-merger-debug-report.txt
-- Merging decision tree log ---
manifest
ADDED from AndroidManifest.xml:2:1
	package
		ADDED from AndroidManifest.xml:3:5
		INJECTED from AndroidManifest.xml:0:0
		INJECTED from AndroidManifest.xml:0:0
	android:versionName
		ADDED from AndroidManifest.xml:5:5
	android:versionCode
		ADDED from AndroidManifest.xml:4:5
		INJECTED from AndroidManifest.xml:0:0
		INJECTED from AndroidManifest.xml:0:0
	xmlns:android
		ADDED from AndroidManifest.xml:2:11
uses-sdk
ADDED from AndroidManifest.xml:7:5
MERGED from com.actionbarsherlock:actionbarsherlock:4.4.0:3:3
MERGED from com.android.support:support-v4:22.2.1:20:5
	android:targetSdkVersion
		ADDED from AndroidManifest.xml:9:9
		INJECTED from AndroidManifest.xml:0:0
		INJECTED from AndroidManifest.xml:0:0
	android:minSdkVersion
		ADDED from AndroidManifest.xml:8:9
		INJECTED from AndroidManifest.xml:0:0
		INJECTED from AndroidManifest.xml:0:0
uses-permission#android.permission.ACCESS_NETWORK_STATE
ADDED from AndroidManifest.xml:11:5
	android:name
		ADDED from AndroidManifest.xml:11:22
uses-permission#android.permission.RECEIVE_BOOT_COMPLETED
ADDED from AndroidManifest.xml:12:5
	android:name
		ADDED from AndroidManifest.xml:12:22
uses-permission#android.permission.VIBRATE
ADDED from AndroidManifest.xml:13:5
	android:name
		ADDED from AndroidManifest.xml:13:22
uses-permission#android.permission.INTERNET
ADDED from AndroidManifest.xml:14:5
	android:name
		ADDED from AndroidManifest.xml:14:22
uses-permission#android.permission.WRITE_EXTERNAL_STORAGE
ADDED from AndroidManifest.xml:15:5
	android:name
		ADDED from AndroidManifest.xml:15:22
application
ADDED from AndroidManifest.xml:17:5
MERGED from com.actionbarsherlock:actionbarsherlock:4.4.0:4:3
MERGED from com.android.support:support-v4:22.2.1:22:5
	android:screenOrientation
		ADDED from AndroidManifest.xml:22:9
	android:label
		ADDED from AndroidManifest.xml:21:9
	android:allowBackup
		ADDED from AndroidManifest.xml:19:9
	android:icon
		ADDED from AndroidManifest.xml:20:9
	android:theme
		ADDED from AndroidManifest.xml:23:9
	android:name
		ADDED from AndroidManifest.xml:18:9
activity#com.androidbegin.menuviewpagertutorial.MainActivity
ADDED from AndroidManifest.xml:24:9
	android:screenOrientation
		ADDED from AndroidManifest.xml:27:13
	android:configChanges
		ADDED from AndroidManifest.xml:26:13
	android:name
		ADDED from AndroidManifest.xml:25:13
activity#com.androidbegin.menuviewpagertutorial.Splash
ADDED from AndroidManifest.xml:29:9
	android:screenOrientation
		ADDED from AndroidManifest.xml:32:13
	android:configChanges
		ADDED from AndroidManifest.xml:31:13
	android:theme
		ADDED from AndroidManifest.xml:33:13
	android:name
		ADDED from AndroidManifest.xml:30:13
intent-filter#android.intent.action.MAIN+android.intent.category.LAUNCHER
ADDED from AndroidManifest.xml:34:13
action#android.intent.action.MAIN
ADDED from AndroidManifest.xml:35:17
	android:name
		ADDED from AndroidManifest.xml:35:25
category#android.intent.category.LAUNCHER
ADDED from AndroidManifest.xml:37:17
	android:name
		ADDED from AndroidManifest.xml:37:27
service#com.parse.PushService
ADDED from AndroidManifest.xml:41:9
	android:name
		ADDED from AndroidManifest.xml:41:18
receiver#com.parse.ParseBroadcastReceiver
ADDED from AndroidManifest.xml:43:9
	android:name
		ADDED from AndroidManifest.xml:43:19
intent-filter#android.intent.action.BOOT_COMPLETED+android.intent.action.USER_PRESENT
ADDED from AndroidManifest.xml:44:13
action#android.intent.action.BOOT_COMPLETED
ADDED from AndroidManifest.xml:45:17
	android:name
		ADDED from AndroidManifest.xml:45:25
action#android.intent.action.USER_PRESENT
ADDED from AndroidManifest.xml:46:17
	android:name
		ADDED from AndroidManifest.xml:46:25
activity#com.androidbegin.menuviewpagertutorial.Tobuy
ADDED from AndroidManifest.xml:50:9
	android:screenOrientation
		ADDED from AndroidManifest.xml:56:13
	android:label
		ADDED from AndroidManifest.xml:53:13
	android:parentActivityName
		ADDED from AndroidManifest.xml:55:13
	android:noHistory
		ADDED from AndroidManifest.xml:54:13
	android:configChanges
		ADDED from AndroidManifest.xml:52:13
	android:name
		ADDED from AndroidManifest.xml:51:13
activity#com.androidbegin.menuviewpagertutorial.AddEditNotes
ADDED from AndroidManifest.xml:58:9
	android:screenOrientation
		ADDED from AndroidManifest.xml:63:13
	android:label
		ADDED from AndroidManifest.xml:61:13
	android:parentActivityName
		ADDED from AndroidManifest.xml:62:13
	android:configChanges
		ADDED from AndroidManifest.xml:60:13
	android:name
		ADDED from AndroidManifest.xml:59:13
activity#com.androidbegin.menuviewpagertutorial.DatabaseConnector
ADDED from AndroidManifest.xml:64:9
	android:configChanges
		ADDED from AndroidManifest.xml:66:13
	android:name
		ADDED from AndroidManifest.xml:65:13
activity#com.androidbegin.menuviewpagertutorial.ViewNote
ADDED from AndroidManifest.xml:67:9
	android:screenOrientation
		ADDED from AndroidManifest.xml:70:13
	android:configChanges
		ADDED from AndroidManifest.xml:69:13
	android:uiOptions
		ADDED from AndroidManifest.xml:71:13
	android:name
		ADDED from AndroidManifest.xml:68:13
activity#com.androidbegin.menuviewpagertutorial.Frag1act1
ADDED from AndroidManifest.xml:72:9
	android:screenOrientation
		ADDED from AndroidManifest.xml:77:13
	android:label
		ADDED from AndroidManifest.xml:75:13
	android:parentActivityName
		ADDED from AndroidManifest.xml:76:13
	android:configChanges
		ADDED from AndroidManifest.xml:74:13
	android:name
		ADDED from AndroidManifest.xml:73:13
activity#com.androidbegin.menuviewpagertutorial.Drinks_and_juicesact
ADDED from AndroidManifest.xml:79:9
	android:screenOrientation
		ADDED from AndroidManifest.xml:84:13
	android:label
		ADDED from AndroidManifest.xml:82:13
	android:parentActivityName
		ADDED from AndroidManifest.xml:83:13
	android:configChanges
		ADDED from AndroidManifest.xml:81:13
	android:name
		ADDED from AndroidManifest.xml:80:13
activity#com.androidbegin.menuviewpagertutorial.Masala_and_spicesact
ADDED from AndroidManifest.xml:86:9
	android:screenOrientation
		ADDED from AndroidManifest.xml:91:13
	android:label
		ADDED from AndroidManifest.xml:89:13
	android:parentActivityName
		ADDED from AndroidManifest.xml:90:13
	android:configChanges
		ADDED from AndroidManifest.xml:88:13
	android:name
		ADDED from AndroidManifest.xml:87:13
activity#com.androidbegin.menuviewpagertutorial.saltsugarjaggeryact
ADDED from AndroidManifest.xml:93:9
	android:screenOrientation
		ADDED from AndroidManifest.xml:98:13
	android:label
		ADDED from AndroidManifest.xml:96:13
	android:parentActivityName
		ADDED from AndroidManifest.xml:97:13
	android:configChanges
		ADDED from AndroidManifest.xml:95:13
	android:name
		ADDED from AndroidManifest.xml:94:13
activity#com.androidbegin.menuviewpagertutorial.Refrigeratedact
ADDED from AndroidManifest.xml:100:9
	android:screenOrientation
		ADDED from AndroidManifest.xml:105:13
	android:label
		ADDED from AndroidManifest.xml:103:13
	android:parentActivityName
		ADDED from AndroidManifest.xml:104:13
	android:configChanges
		ADDED from AndroidManifest.xml:102:13
	android:name
		ADDED from AndroidManifest.xml:101:13
activity#com.androidbegin.menuviewpagertutorial.sanitaryact
ADDED from AndroidManifest.xml:107:9
	android:screenOrientation
		ADDED from AndroidManifest.xml:112:13
	android:label
		ADDED from AndroidManifest.xml:110:13
	android:parentActivityName
		ADDED from AndroidManifest.xml:111:13
	android:configChanges
		ADDED from AndroidManifest.xml:109:13
	android:name
		ADDED from AndroidManifest.xml:108:13
activity#com.androidbegin.menuviewpagertutorial.Soapact
ADDED from AndroidManifest.xml:114:9
	android:screenOrientation
		ADDED from AndroidManifest.xml:119:13
	android:label
		ADDED from AndroidManifest.xml:117:13
	android:parentActivityName
		ADDED from AndroidManifest.xml:118:13
	android:configChanges
		ADDED from AndroidManifest.xml:116:13
	android:name
		ADDED from AndroidManifest.xml:115:13
activity#com.androidbegin.menuviewpagertutorial.Teaandcoffeeact
ADDED from AndroidManifest.xml:121:9
	android:screenOrientation
		ADDED from AndroidManifest.xml:126:13
	android:label
		ADDED from AndroidManifest.xml:124:13
	android:parentActivityName
		ADDED from AndroidManifest.xml:125:13
	android:configChanges
		ADDED from AndroidManifest.xml:123:13
	android:name
		ADDED from AndroidManifest.xml:122:13
activity#com.androidbegin.menuviewpagertutorial.SingleItemViewme
ADDED from AndroidManifest.xml:128:9
	android:screenOrientation
		ADDED from AndroidManifest.xml:132:13
	android:parentActivityName
		ADDED from AndroidManifest.xml:131:13
	android:configChanges
		ADDED from AndroidManifest.xml:130:13
	android:name
		ADDED from AndroidManifest.xml:129:13
activity#com.androidbegin.menuviewpagertutorial.Frag1act2
ADDED from AndroidManifest.xml:134:9
	android:screenOrientation
		ADDED from AndroidManifest.xml:139:13
	android:label
		ADDED from AndroidManifest.xml:137:13
	android:parentActivityName
		ADDED from AndroidManifest.xml:138:13
	android:configChanges
		ADDED from AndroidManifest.xml:136:13
	android:name
		ADDED from AndroidManifest.xml:135:13
activity#com.androidbegin.menuviewpagertutorial.Frag3
ADDED from AndroidManifest.xml:141:9
	android:screenOrientation
		ADDED from AndroidManifest.xml:145:13
	android:label
		ADDED from AndroidManifest.xml:144:13
	android:configChanges
		ADDED from AndroidManifest.xml:143:13
	android:name
		ADDED from AndroidManifest.xml:142:13
activity#com.androidbegin.menuviewpagertutorial.SingleItemView
ADDED from AndroidManifest.xml:147:9
	android:screenOrientation
		ADDED from AndroidManifest.xml:151:13
	android:parentActivityName
		ADDED from AndroidManifest.xml:150:13
	android:configChanges
		ADDED from AndroidManifest.xml:149:13
	android:name
		ADDED from AndroidManifest.xml:148:13
meta-data#android.support.PARENT_ACTIVITY
ADDED from AndroidManifest.xml:152:13
	android:value
		ADDED from AndroidManifest.xml:154:17
	android:name
		ADDED from AndroidManifest.xml:153:17
activity#com.androidbegin.menuviewpagertutorial.Final
ADDED from AndroidManifest.xml:156:9
	android:screenOrientation
		ADDED from AndroidManifest.xml:160:13
	android:label
		ADDED from AndroidManifest.xml:159:13
	android:configChanges
		ADDED from AndroidManifest.xml:158:13
	android:name
		ADDED from AndroidManifest.xml:157:13
activity#com.androidbegin.menuviewpagertutorial.FragmentTab1
ADDED from AndroidManifest.xml:162:9
	android:screenOrientation
		ADDED from AndroidManifest.xml:167:13
	android:label
		ADDED from AndroidManifest.xml:165:13
	android:launchMode
		ADDED from AndroidManifest.xml:166:13
	android:configChanges
		ADDED from AndroidManifest.xml:164:13
	android:name
		ADDED from AndroidManifest.xml:163:13
activity#com.androidbegin.menuviewpagertutorial.ShoppingCartActivity
ADDED from AndroidManifest.xml:169:9
	android:screenOrientation
		ADDED from AndroidManifest.xml:173:13
	android:parentActivityName
		ADDED from AndroidManifest.xml:172:13
	android:configChanges
		ADDED from AndroidManifest.xml:171:13
	android:name
		ADDED from AndroidManifest.xml:170:13
activity#com.androidbegin.menuviewpagertutorial.ShoppingCartHelper
ADDED from AndroidManifest.xml:174:9
	android:screenOrientation
		ADDED from AndroidManifest.xml:177:13
	android:configChanges
		ADDED from AndroidManifest.xml:176:13
	android:name
		ADDED from AndroidManifest.xml:175:13
activity#com.androidbegin.menuviewpagertutorial.ListViewAdapter
ADDED from AndroidManifest.xml:178:9
	android:screenOrientation
		ADDED from AndroidManifest.xml:181:13
	android:configChanges
		ADDED from AndroidManifest.xml:180:13
	android:name
		ADDED from AndroidManifest.xml:179:13
activity#com.androidbegin.menuviewpagertutorial.Snacks
ADDED from AndroidManifest.xml:182:9
	android:screenOrientation
		ADDED from AndroidManifest.xml:187:13
	android:label
		ADDED from AndroidManifest.xml:185:13
	android:parentActivityName
		ADDED from AndroidManifest.xml:186:13
	android:configChanges
		ADDED from AndroidManifest.xml:184:13
	android:name
		ADDED from AndroidManifest.xml:183:13
activity#com.androidbegin.menuviewpagertutorial.SingleItemView1
ADDED from AndroidManifest.xml:189:9
	android:screenOrientation
		ADDED from AndroidManifest.xml:194:13
	android:label
		ADDED from AndroidManifest.xml:192:13
	android:parentActivityName
		ADDED from AndroidManifest.xml:193:13
	android:configChanges
		ADDED from AndroidManifest.xml:191:13
	android:name
		ADDED from AndroidManifest.xml:190:13
activity#com.androidbegin.menuviewpagertutorial.Skin_careact
ADDED from AndroidManifest.xml:200:9
	android:screenOrientation
		ADDED from AndroidManifest.xml:203:13
	android:label
		ADDED from AndroidManifest.xml:202:13
	android:name
		ADDED from AndroidManifest.xml:201:13
activity#com.androidbegin.menuviewpagertutorial.Breakfast
ADDED from AndroidManifest.xml:205:9
	android:screenOrientation
		ADDED from AndroidManifest.xml:208:13
	android:label
		ADDED from AndroidManifest.xml:207:13
	android:name
		ADDED from AndroidManifest.xml:206:13
activity#com.androidbegin.menuviewpagertutorial.Detergentsact
ADDED from AndroidManifest.xml:210:9
	android:screenOrientation
		ADDED from AndroidManifest.xml:213:13
	android:label
		ADDED from AndroidManifest.xml:212:13
	android:name
		ADDED from AndroidManifest.xml:211:13
activity#com.androidbegin.menuviewpagertutorial.DetergentsItemVIew
ADDED from AndroidManifest.xml:215:9
	android:screenOrientation
		ADDED from AndroidManifest.xml:219:13
	android:label
		ADDED from AndroidManifest.xml:217:13
	android:parentActivityName
		ADDED from AndroidManifest.xml:218:13
	android:name
		ADDED from AndroidManifest.xml:216:13
activity#com.androidbegin.menuviewpagertutorial.Handwash_and_Shampooact
ADDED from AndroidManifest.xml:224:9
	android:label
		ADDED from AndroidManifest.xml:226:13
	android:name
		ADDED from AndroidManifest.xml:225:13
activity#com.androidbegin.menuviewpagertutorial.BreakfastItemView
ADDED from AndroidManifest.xml:228:9
	android:screenOrientation
		ADDED from AndroidManifest.xml:231:13
	android:parentActivityName
		ADDED from AndroidManifest.xml:230:13
	android:name
		ADDED from AndroidManifest.xml:229:13
activity#com.androidbegin.menuviewpagertutorial.DrinksandjuicesItemView
ADDED from AndroidManifest.xml:236:9
	android:parentActivityName
		ADDED from AndroidManifest.xml:238:13
	android:name
		ADDED from AndroidManifest.xml:237:13
activity#com.androidbegin.menuviewpagertutorial.HandwashandshampooItemView
ADDED from AndroidManifest.xml:243:9
	android:screenOrientation
		ADDED from AndroidManifest.xml:246:13
	android:parentActivityName
		ADDED from AndroidManifest.xml:245:13
	android:name
		ADDED from AndroidManifest.xml:244:13
activity#com.androidbegin.menuviewpagertutorial.MasalaandspicesItemView
ADDED from AndroidManifest.xml:251:9
	android:parentActivityName
		ADDED from AndroidManifest.xml:253:13
	android:name
		ADDED from AndroidManifest.xml:252:13
activity#com.androidbegin.menuviewpagertutorial.RefrigeratedItemView
ADDED from AndroidManifest.xml:258:9
	android:parentActivityName
		ADDED from AndroidManifest.xml:260:13
	android:name
		ADDED from AndroidManifest.xml:259:13
activity#com.androidbegin.menuviewpagertutorial.SaltsugarjaggeryItemView
ADDED from AndroidManifest.xml:266:9
	android:screenOrientation
		ADDED from AndroidManifest.xml:269:13
	android:parentActivityName
		ADDED from AndroidManifest.xml:268:13
	android:name
		ADDED from AndroidManifest.xml:267:13
activity#com.androidbegin.menuviewpagertutorial.SanitaryItemView
ADDED from AndroidManifest.xml:274:9
	android:screenOrientation
		ADDED from AndroidManifest.xml:277:13
	android:parentActivityName
		ADDED from AndroidManifest.xml:276:13
	android:name
		ADDED from AndroidManifest.xml:275:13
activity#com.androidbegin.menuviewpagertutorial.SkincareItemView
ADDED from AndroidManifest.xml:282:9
	android:screenOrientation
		ADDED from AndroidManifest.xml:285:13
	android:parentActivityName
		ADDED from AndroidManifest.xml:284:13
	android:name
		ADDED from AndroidManifest.xml:283:13
activity#com.androidbegin.menuviewpagertutorial.SoapItemView
ADDED from AndroidManifest.xml:290:9
	android:screenOrientation
		ADDED from AndroidManifest.xml:293:13
	android:parentActivityName
		ADDED from AndroidManifest.xml:292:13
	android:name
		ADDED from AndroidManifest.xml:291:13
activity#com.androidbegin.menuviewpagertutorial.TeaandcoffeeItemView
ADDED from AndroidManifest.xml:298:9
	android:screenOrientation
		ADDED from AndroidManifest.xml:301:13
	android:parentActivityName
		ADDED from AndroidManifest.xml:300:13
	android:name
		ADDED from AndroidManifest.xml:299:13
activity#com.androidbegin.menuviewpagertutorial.Email
ADDED from AndroidManifest.xml:306:9
	android:screenOrientation
		ADDED from AndroidManifest.xml:308:13
	android:name
		ADDED from AndroidManifest.xml:307:13
activity#com.androidbegin.menuviewpagertutorial.FirstView
ADDED from AndroidManifest.xml:310:9
	android:label
		ADDED from AndroidManifest.xml:312:13
	android:name
		ADDED from AndroidManifest.xml:311:13
activity#com.androidbegin.menuviewpagertutorial.SecondView
ADDED from AndroidManifest.xml:314:9
	android:label
		ADDED from AndroidManifest.xml:316:13
	android:name
		ADDED from AndroidManifest.xml:315:13